#
# A fatal error has been detected by the Java Runtime Environment:
#
#  EXCEPTION_ACCESS_VIOLATION (0xc0000005) at pc=0x000000001f5c1066, pid=7104, tid=8296
#
# JRE version: Java(TM) SE Runtime Environment (8.0_40-b26) (build 1.8.0_40-b26)
# Java VM: Java HotSpot(TM) 64-Bit Server VM (25.40-b25 mixed mode windows-amd64 compressed oops)
# Problematic frame:
# C  [OpenAL64.dll+0x11066]
#
# Failed to write core dump. Minidumps are not enabled by default on client versions of Windows
#
# If you would like to submit a bug report, please visit:
#   http://bugreport.java.com/bugreport/crash.jsp
# The crash happened outside the Java Virtual Machine in native code.
# See problematic frame for where to report the bug.
#

---------------  T H R E A D  ---------------

Current thread (0x0000000022068800):  JavaThread "Thread-7" [_thread_in_native, id=8296, stack(0x0000000022e50000,0x0000000022f50000)]

siginfo: ExceptionCode=0xc0000005, reading address 0x000000002127a004

Registers:
RAX=0x0000000000000004, RBX=0x0000000025780090, RCX=0x000000002127a008, RDX=0x000000002127a004
RSP=0x0000000022f4ef30, RBP=0x00000000000000ff, RSI=0x000000002126b38c, RDI=0x0000000000000000
R8 =0x0000000000003b1e, R9 =0x000000002126b38c, R10=0x0000000002835e08, R11=0x00000000736a7c30
R12=0x0000000000000001, R13=0x00000000218e1a80, R14=0x0000000022f4f0c8, R15=0x0000000022068800
RIP=0x000000001f5c1066, EFLAGS=0x0000000000010202

Top of Stack: (sp=0x0000000022f4ef30)
0x0000000022f4ef30:   0000000000000000 000000007354b4cb
0x0000000022f4ef40:   0000000022068800 0000000022068800
0x0000000022f4ef50:   00000000218e1a80 0000000000000000
0x0000000022f4ef60:   0000000022068800 0000000018ffa450
0x0000000022f4ef70:   00000000218e1a80 0000000022f4f0c8
0x0000000022f4ef80:   000000002215caa0 00000000735397d6
0x0000000022f4ef90:   0000000022f4f738 00000000171608c0
0x0000000022f4efa0:   0000000022068800 0000000022f4f0c8
0x0000000022f4efb0:   00000000218e1a80 0000000000000000
0x0000000022f4efc0:   000000002126b38c 00000000d5561968
0x0000000022f4efd0:   0000000022f4f090 000000001f5c248f
0x0000000022f4efe0:   0000000025780090 0000000025780090
0x0000000022f4eff0:   000000000000ac44 0000000000000004
0x0000000022f4f000:   0000000000000010 0000000002835e34
0x0000000022f4f010:   00000000218e1a80 0000000002835b9d
0x0000000022f4f020:   0000000022068800 00000000218e1a80 

Instructions: (pc=0x000000001f5c1066)
0x000000001f5c1046:   41 2b ec 81 3a 03 00 02 00 75 09 8b 01 89 84 24
0x000000001f5c1056:   c8 00 00 00 49 83 c0 02 48 83 c1 08 4a 8d 14 86
0x000000001f5c1066:   39 3a 75 af 4c 8d 84 24 c0 00 00 00 48 8d 15 d7
0x000000001f5c1076:   2b 03 00 33 c9 e8 58 5f 00 00 b8 40 1f 00 00 4c 


Register to memory mapping:

RAX=0x0000000000000004 is an unknown value
RBX=0x0000000025780090 is an unknown value
RCX=0x000000002127a008 is an unknown value
RDX=0x000000002127a004 is an unknown value
RSP=0x0000000022f4ef30 is pointing into the stack for thread: 0x0000000022068800
RBP=0x00000000000000ff is an unknown value
RSI=0x000000002126b38c is an unknown value
RDI=0x0000000000000000 is an unknown value
R8 =0x0000000000003b1e is an unknown value
R9 =0x000000002126b38c is an unknown value
R10=0x0000000002835e08 is at code_begin+840 in an Interpreter codelet
method entry point (kind = native)  [0x0000000002835ac0, 0x0000000002836420]  2400 bytes
R11=0x00000000736a7c30 is an unknown value
R12=0x0000000000000001 is an unknown value
R13={method} {0x00000000218e1a88} 'nalcCreateContext' '(JJ)J' in 'org/lwjgl/openal/ALC10'
R14=0x0000000022f4f0c8 is pointing into the stack for thread: 0x0000000022068800
R15=0x0000000022068800 is a thread


Stack: [0x0000000022e50000,0x0000000022f50000],  sp=0x0000000022f4ef30,  free space=1019k
Native frames: (J=compiled Java code, j=interpreted, Vv=VM code, C=native code)
C  [OpenAL64.dll+0x11066]
C  [OpenAL64.dll+0x1248f]
C  0x0000000002835e34

Java frames: (J=compiled Java code, j=interpreted, Vv=VM code)
j  org.lwjgl.openal.ALC10.nalcCreateContext(JJ)J+0
j  org.lwjgl.openal.ALC10.alcCreateContext(Lorg/lwjgl/openal/ALCdevice;Ljava/nio/IntBuffer;)Lorg/lwjgl/openal/ALCcontext;+8
j  org.lwjgl.openal.AL.init(Ljava/lang/String;IIZZ)V+69
j  org.lwjgl.openal.AL.create(Ljava/lang/String;IIZZ)V+227
j  org.lwjgl.openal.AL.create(Ljava/lang/String;IIZ)V+5
j  org.lwjgl.openal.AL.create()V+6
j  paulscode.sound.libraries.LibraryLWJGLOpenAL.init()V+2
j  paulscode.sound.SoundSystem.CommandNewLibrary(Ljava/lang/Class;)V+273
j  paulscode.sound.SoundSystem.CommandQueue(Lpaulscode/sound/CommandObject;)Z+1206
j  paulscode.sound.CommandThread.run()V+51
v  ~StubRoutines::call_stub

---------------  P R O C E S S  ---------------

Java Threads: ( => current thread )
  0x0000000022069800 JavaThread "Thread-8" [_thread_blocked, id=11072, stack(0x000000001f470000,0x000000001f570000)]
=>0x0000000022068800 JavaThread "Thread-7" [_thread_in_native, id=8296, stack(0x0000000022e50000,0x0000000022f50000)]
  0x0000000022068000 JavaThread "Sound Library Loader" [_thread_blocked, id=1716, stack(0x0000000022d50000,0x0000000022e50000)]
  0x0000000022067000 JavaThread "Keep-Alive-Timer" daemon [_thread_blocked, id=10952, stack(0x0000000025ca0000,0x0000000025da0000)]
  0x00000000201c5000 JavaThread "Timer hack thread" daemon [_thread_blocked, id=10168, stack(0x0000000023200000,0x0000000023300000)]
  0x00000000205d3800 JavaThread "Snooper Timer" daemon [_thread_blocked, id=7132, stack(0x0000000022c50000,0x0000000022d50000)]
  0x000000001911d800 JavaThread "AWT-Windows" daemon [_thread_in_native, id=4952, stack(0x000000001b0a0000,0x000000001b1a0000)]
  0x0000000018f0e000 JavaThread "Java2D Disposer" daemon [_thread_blocked, id=9556, stack(0x000000001aca0000,0x000000001ada0000)]
  0x0000000018113000 JavaThread "Monitor Ctrl-Break" daemon [_thread_in_native, id=7128, stack(0x0000000018910000,0x0000000018a10000)]
  0x00000000171c2800 JavaThread "Service Thread" daemon [_thread_blocked, id=8508, stack(0x0000000017e20000,0x0000000017f20000)]
  0x0000000017127000 JavaThread "C1 CompilerThread3" daemon [_thread_blocked, id=4596, stack(0x0000000017d20000,0x0000000017e20000)]
  0x0000000017123000 JavaThread "C2 CompilerThread2" daemon [_thread_blocked, id=5020, stack(0x0000000017c20000,0x0000000017d20000)]
  0x0000000017121800 JavaThread "C2 CompilerThread1" daemon [_thread_blocked, id=5156, stack(0x0000000017b20000,0x0000000017c20000)]
  0x0000000017120000 JavaThread "C2 CompilerThread0" daemon [_thread_in_native, id=8036, stack(0x0000000017a20000,0x0000000017b20000)]
  0x000000001711d000 JavaThread "Attach Listener" daemon [_thread_blocked, id=4380, stack(0x0000000017920000,0x0000000017a20000)]
  0x0000000017118000 JavaThread "Signal Dispatcher" daemon [_thread_blocked, id=1192, stack(0x0000000017820000,0x0000000017920000)]
  0x0000000017117000 JavaThread "Surrogate Locker Thread (Concurrent GC)" daemon [_thread_blocked, id=6072, stack(0x0000000017720000,0x0000000017820000)]
  0x0000000016812800 JavaThread "Finalizer" daemon [_thread_blocked, id=3216, stack(0x0000000017620000,0x0000000017720000)]
  0x000000001680a000 JavaThread "Reference Handler" daemon [_thread_blocked, id=5456, stack(0x0000000017520000,0x0000000017620000)]
  0x0000000002726800 JavaThread "Client thread" [_thread_in_native, id=6336, stack(0x0000000002620000,0x0000000002720000)]

Other Threads:
  0x0000000016806800 VMThread [stack: 0x0000000017420000,0x0000000017520000] [id=5940]
  0x000000001713e800 WatcherThread [stack: 0x0000000017f20000,0x0000000018020000] [id=2188]

VM state:not at safepoint (normal execution)

VM Mutex/Monitor currently owned by a thread: None

Heap:
 par new generation   total 314560K, used 53782K [0x00000000c0000000, 0x00000000d5550000, 0x00000000d5550000)
  eden space 279616K,  12% used [0x00000000c0000000, 0x00000000c229bda0, 0x00000000d1110000)
  from space 34944K,  52% used [0x00000000d1110000, 0x00000000d22f9d90, 0x00000000d3330000)
  to   space 34944K,   0% used [0x00000000d3330000, 0x00000000d3330000, 0x00000000d5550000)
 concurrent mark-sweep generation total 699072K, used 123532K [0x00000000d5550000, 0x0000000100000000, 0x0000000100000000)
 Metaspace       used 33459K, capacity 33845K, committed 34380K, reserved 1079296K
  class space    used 4165K, capacity 4327K, committed 4428K, reserved 1048576K

Card table byte_map: [0x00000000123e0000,0x00000000125f0000] byte_map_base: 0x0000000011de0000

Marking Bits: (CMSBitMap*) 0x00000000027b34d8
 Bits: [0x0000000012fe0000, 0x0000000013a8ac00)

Mod Union Table: (CMSBitMap*) 0x00000000027b3598
 Bits: [0x00000000024b0000, 0x00000000024daab0)

Polling page: 0x0000000000bd0000

CodeCache: size=245760Kb used=12320Kb max_used=12643Kb free=233439Kb
 bounds [0x0000000002820000, 0x00000000034c0000, 0x0000000011820000]
 total_blobs=3994 nmethods=3250 adapters=656
 compilation: enabled

Compilation events (10 events):
Event: 12.442 Thread 0x0000000017127000 4286       3       org.apache.commons.lang3.Validate::notNull (11 bytes)
Event: 12.443 Thread 0x0000000017127000 nmethod 4286 0x0000000002a3ce10 code [0x0000000002a3d040, 0x0000000002a3dc58]
Event: 12.443 Thread 0x0000000017127000 4287       3       net.minecraft.util.ResourceLocation::<init> (40 bytes)
Event: 12.443 Thread 0x0000000017127000 nmethod 4287 0x000000000337b750 code [0x000000000337b9a0, 0x000000000337c7b8]
Event: 12.445 Thread 0x0000000017127000 4288       3       org.objectweb.asm.ByteVector::putLong (145 bytes)
Event: 12.445 Thread 0x0000000017127000 nmethod 4288 0x0000000003004150 code [0x00000000030042c0, 0x00000000030045e8]
Event: 12.449 Thread 0x0000000017127000 4289   !   3       java.lang.StringCoding$StringEncoder::encode (179 bytes)
Event: 12.450 Thread 0x0000000017127000 nmethod 4289 0x0000000002f519d0 code [0x0000000002f51d40, 0x0000000002f53a08]
Event: 12.454 Thread 0x0000000017127000 4290       3       java.io.File::isFile (43 bytes)
Event: 12.455 Thread 0x0000000017127000 nmethod 4290 0x0000000002f2c150 code [0x0000000002f2c340, 0x0000000002f2cac8]

GC Heap History (10 events):
Event: 7.161 GC heap before
{Heap before GC invocations=4 (full 2):
 par new generation   total 314560K, used 299181K [0x00000000c0000000, 0x00000000d5550000, 0x00000000d5550000)
  eden space 279616K, 100% used [0x00000000c0000000, 0x00000000d1110000, 0x00000000d1110000)
  from space 34944K,  55% used [0x00000000d3330000, 0x00000000d464b5e8, 0x00000000d5550000)
  to   space 34944K,   0% used [0x00000000d1110000, 0x00000000d1110000, 0x00000000d3330000)
 concurrent mark-sweep generation total 699072K, used 47709K [0x00000000d5550000, 0x0000000100000000, 0x0000000100000000)
 Metaspace       used 27640K, capacity 27895K, committed 28108K, reserved 1073152K
  class space    used 3388K, capacity 3480K, committed 3532K, reserved 1048576K
Event: 7.173 GC heap after
Heap after GC invocations=5 (full 2):
 par new generation   total 314560K, used 25627K [0x00000000c0000000, 0x00000000d5550000, 0x00000000d5550000)
  eden space 279616K,   0% used [0x00000000c0000000, 0x00000000c0000000, 0x00000000d1110000)
  from space 34944K,  73% used [0x00000000d1110000, 0x00000000d2a16d60, 0x00000000d3330000)
  to   space 34944K,   0% used [0x00000000d3330000, 0x00000000d3330000, 0x00000000d5550000)
 concurrent mark-sweep generation total 699072K, used 47709K [0x00000000d5550000, 0x0000000100000000, 0x0000000100000000)
 Metaspace       used 27640K, capacity 27895K, committed 28108K, reserved 1073152K
  class space    used 3388K, capacity 3480K, committed 3532K, reserved 1048576K
}
Event: 9.057 GC heap before
{Heap before GC invocations=5 (full 3):
 par new generation   total 314560K, used 305243K [0x00000000c0000000, 0x00000000d5550000, 0x00000000d5550000)
  eden space 279616K, 100% used [0x00000000c0000000, 0x00000000d1110000, 0x00000000d1110000)
  from space 34944K,  73% used [0x00000000d1110000, 0x00000000d2a16d60, 0x00000000d3330000)
  to   space 34944K,   0% used [0x00000000d3330000, 0x00000000d3330000, 0x00000000d5550000)
 concurrent mark-sweep generation total 699072K, used 47709K [0x00000000d5550000, 0x0000000100000000, 0x0000000100000000)
 Metaspace       used 28381K, capacity 28637K, committed 29004K, reserved 1075200K
  class space    used 3458K, capacity 3577K, committed 3660K, reserved 1048576K
Event: 9.087 GC heap after
Heap after GC invocations=6 (full 3):
 par new generation   total 314560K, used 34943K [0x00000000c0000000, 0x00000000d5550000, 0x00000000d5550000)
  eden space 279616K,   0% used [0x00000000c0000000, 0x00000000c0000000, 0x00000000d1110000)
  from space 34944K,  99% used [0x00000000d3330000, 0x00000000d554fff8, 0x00000000d5550000)
  to   space 34944K,   0% used [0x00000000d1110000, 0x00000000d1110000, 0x00000000d3330000)
 concurrent mark-sweep generation total 699072K, used 70847K [0x00000000d5550000, 0x0000000100000000, 0x0000000100000000)
 Metaspace       used 28381K, capacity 28637K, committed 29004K, reserved 1075200K
  class space    used 3458K, capacity 3577K, committed 3660K, reserved 1048576K
}
Event: 10.054 GC heap before
{Heap before GC invocations=6 (full 3):
 par new generation   total 314560K, used 314559K [0x00000000c0000000, 0x00000000d5550000, 0x00000000d5550000)
  eden space 279616K, 100% used [0x00000000c0000000, 0x00000000d1110000, 0x00000000d1110000)
  from space 34944K,  99% used [0x00000000d3330000, 0x00000000d554fff8, 0x00000000d5550000)
  to   space 34944K,   0% used [0x00000000d1110000, 0x00000000d1110000, 0x00000000d3330000)
 concurrent mark-sweep generation total 699072K, used 70847K [0x00000000d5550000, 0x0000000100000000, 0x0000000100000000)
 Metaspace       used 28400K, capacity 28701K, committed 29004K, reserved 1075200K
  class space    used 3458K, capacity 3577K, committed 3660K, reserved 1048576K
Event: 10.093 GC heap after
Heap after GC invocations=7 (full 3):
 par new generation   total 314560K, used 34944K [0x00000000c0000000, 0x00000000d5550000, 0x00000000d5550000)
  eden space 279616K,   0% used [0x00000000c0000000, 0x00000000c0000000, 0x00000000d1110000)
  from space 34944K, 100% used [0x00000000d1110000, 0x00000000d3330000, 0x00000000d3330000)
  to   space 34944K,   0% used [0x00000000d3330000, 0x00000000d3330000, 0x00000000d5550000)
 concurrent mark-sweep generation total 699072K, used 112195K [0x00000000d5550000, 0x0000000100000000, 0x0000000100000000)
 Metaspace       used 28400K, capacity 28701K, committed 29004K, reserved 1075200K
  class space    used 3458K, capacity 3577K, committed 3660K, reserved 1048576K
}
Event: 11.312 GC heap before
{Heap before GC invocations=7 (full 3):
 par new generation   total 314560K, used 314560K [0x00000000c0000000, 0x00000000d5550000, 0x00000000d5550000)
  eden space 279616K, 100% used [0x00000000c0000000, 0x00000000d1110000, 0x00000000d1110000)
  from space 34944K, 100% used [0x00000000d1110000, 0x00000000d3330000, 0x00000000d3330000)
  to   space 34944K,   0% used [0x00000000d3330000, 0x00000000d3330000, 0x00000000d5550000)
 concurrent mark-sweep generation total 699072K, used 110957K [0x00000000d5550000, 0x0000000100000000, 0x0000000100000000)
 Metaspace       used 30924K, capacity 31163K, committed 31564K, reserved 1077248K
  class space    used 3803K, capacity 3904K, committed 3916K, reserved 1048576K
Event: 11.327 GC heap after
Heap after GC invocations=8 (full 3):
 par new generation   total 314560K, used 21592K [0x00000000c0000000, 0x00000000d5550000, 0x00000000d5550000)
  eden space 279616K,   0% used [0x00000000c0000000, 0x00000000c0000000, 0x00000000d1110000)
  from space 34944K,  61% used [0x00000000d3330000, 0x00000000d4846138, 0x00000000d5550000)
  to   space 34944K,   0% used [0x00000000d1110000, 0x00000000d1110000, 0x00000000d3330000)
 concurrent mark-sweep generation total 699072K, used 123532K [0x00000000d5550000, 0x0000000100000000, 0x0000000100000000)
 Metaspace       used 30924K, capacity 31163K, committed 31564K, reserved 1077248K
  class space    used 3803K, capacity 3904K, committed 3916K, reserved 1048576K
}
Event: 12.199 GC heap before
{Heap before GC invocations=8 (full 3):
 par new generation   total 314560K, used 301208K [0x00000000c0000000, 0x00000000d5550000, 0x00000000d5550000)
  eden space 279616K, 100% used [0x00000000c0000000, 0x00000000d1110000, 0x00000000d1110000)
  from space 34944K,  61% used [0x00000000d3330000, 0x00000000d4846138, 0x00000000d5550000)
  to   space 34944K,   0% used [0x00000000d1110000, 0x00000000d1110000, 0x00000000d3330000)
 concurrent mark-sweep generation total 699072K, used 123532K [0x00000000d5550000, 0x0000000100000000, 0x0000000100000000)
 Metaspace       used 33192K, capacity 33525K, committed 33996K, reserved 1079296K
  class space    used 4141K, capacity 4263K, committed 4300K, reserved 1048576K
Event: 12.206 GC heap after
Heap after GC invocations=9 (full 3):
 par new generation   total 314560K, used 18343K [0x00000000c0000000, 0x00000000d5550000, 0x00000000d5550000)
  eden space 279616K,   0% used [0x00000000c0000000, 0x00000000c0000000, 0x00000000d1110000)
  from space 34944K,  52% used [0x00000000d1110000, 0x00000000d22f9d90, 0x00000000d3330000)
  to   space 34944K,   0% used [0x00000000d3330000, 0x00000000d3330000, 0x00000000d5550000)
 concurrent mark-sweep generation total 699072K, used 123532K [0x00000000d5550000, 0x0000000100000000, 0x0000000100000000)
 Metaspace       used 33192K, capacity 33525K, committed 33996K, reserved 1079296K
  class space    used 4141K, capacity 4263K, committed 4300K, reserved 1048576K
}

Deoptimization events (10 events):
Event: 11.985 Thread 0x0000000002726800 Uncommon trap: reason=class_check action=maybe_recompile pc=0x0000000002a28668 method=java.lang.String.equals(Ljava/lang/Object;)Z @ 8
Event: 11.985 Thread 0x0000000002726800 Uncommon trap: reason=class_check action=maybe_recompile pc=0x0000000002a28668 method=java.lang.String.equals(Ljava/lang/Object;)Z @ 8
Event: 11.985 Thread 0x0000000002726800 Uncommon trap: reason=class_check action=maybe_recompile pc=0x0000000002a28668 method=java.lang.String.equals(Ljava/lang/Object;)Z @ 8
Event: 11.985 Thread 0x0000000002726800 Uncommon trap: reason=class_check action=maybe_recompile pc=0x0000000002a28668 method=java.lang.String.equals(Ljava/lang/Object;)Z @ 8
Event: 11.986 Thread 0x0000000002726800 Uncommon trap: reason=unstable_if action=reinterpret pc=0x0000000002d74b1c method=java.util.HashMap.getNode(ILjava/lang/Object;)Ljava/util/HashMap$Node; @ 84
Event: 12.060 Thread 0x0000000002726800 Uncommon trap: reason=bimorphic action=maybe_recompile pc=0x00000000029d83e4 method=java.util.regex.Matcher.match(II)Z @ 86
Event: 12.060 Thread 0x0000000002726800 Uncommon trap: reason=bimorphic action=maybe_recompile pc=0x00000000029d83e4 method=java.util.regex.Matcher.match(II)Z @ 86
Event: 12.211 Thread 0x0000000002726800 Uncommon trap: reason=bimorphic action=maybe_recompile pc=0x0000000002d6e938 method=java.util.regex.Matcher.match(II)Z @ 86
Event: 12.212 Thread 0x0000000002726800 Uncommon trap: reason=unstable_if action=reinterpret pc=0x0000000003490f0c method=org.objectweb.asm.ClassWriter.toByteArray()[B @ 229
Event: 12.226 Thread 0x0000000002726800 Uncommon trap: reason=unstable_if action=reinterpret pc=0x0000000002df1364 method=sun.nio.cs.SingleByte$Decoder.decodeArrayLoop(Ljava/nio/ByteBuffer;Ljava/nio/CharBuffer;)Ljava/nio/charset/CoderResult; @ 70

Internal exceptions (10 events):
Event: 12.450 Thread 0x0000000022068800 Exception <a 'org/lwjgl/LWJGLException'> (0x00000000c218f3d8) thrown at [D:\re\workspace\8-2-build-windows-amd64-cygwin\jdk8u40\3098\hotspot\src\share\vm\prims\jni.cpp, line 709]
Event: 12.450 Thread 0x0000000022068800 Exception <a 'org/lwjgl/LWJGLException'> (0x00000000c218fa28) thrown at [D:\re\workspace\8-2-build-windows-amd64-cygwin\jdk8u40\3098\hotspot\src\share\vm\prims\jni.cpp, line 709]
Event: 12.450 Thread 0x0000000022068800 Exception <a 'org/lwjgl/LWJGLException'> (0x00000000c2190080) thrown at [D:\re\workspace\8-2-build-windows-amd64-cygwin\jdk8u40\3098\hotspot\src\share\vm\prims\jni.cpp, line 709]
Event: 12.450 Thread 0x0000000022068800 Exception <a 'org/lwjgl/LWJGLException'> (0x00000000c2190588) thrown at [D:\re\workspace\8-2-build-windows-amd64-cygwin\jdk8u40\3098\hotspot\src\share\vm\prims\jni.cpp, line 709]
Event: 12.450 Thread 0x0000000022068800 Exception <a 'org/lwjgl/LWJGLException'> (0x00000000c2190a40) thrown at [D:\re\workspace\8-2-build-windows-amd64-cygwin\jdk8u40\3098\hotspot\src\share\vm\prims\jni.cpp, line 709]
Event: 12.450 Thread 0x0000000022068800 Exception <a 'org/lwjgl/LWJGLException'> (0x00000000c2190f60) thrown at [D:\re\workspace\8-2-build-windows-amd64-cygwin\jdk8u40\3098\hotspot\src\share\vm\prims\jni.cpp, line 709]
Event: 12.450 Thread 0x0000000022068800 Exception <a 'org/lwjgl/LWJGLException'> (0x00000000c2191450) thrown at [D:\re\workspace\8-2-build-windows-amd64-cygwin\jdk8u40\3098\hotspot\src\share\vm\prims\jni.cpp, line 709]
Event: 12.450 Thread 0x0000000022068800 Exception <a 'org/lwjgl/LWJGLException'> (0x00000000c2191a28) thrown at [D:\re\workspace\8-2-build-windows-amd64-cygwin\jdk8u40\3098\hotspot\src\share\vm\prims\jni.cpp, line 709]
Event: 12.451 Thread 0x0000000022068800 Exception <a 'org/lwjgl/LWJGLException'> (0x00000000c2191f60) thrown at [D:\re\workspace\8-2-build-windows-amd64-cygwin\jdk8u40\3098\hotspot\src\share\vm\prims\jni.cpp, line 709]
Event: 12.452 Thread 0x0000000022068800 Exception <a 'org/lwjgl/LWJGLException'> (0x00000000c2192478) thrown at [D:\re\workspace\8-2-build-windows-amd64-cygwin\jdk8u40\3098\hotspot\src\share\vm\prims\jni.cpp, line 709]

Events (10 events):
Event: 12.454 loading class org/lwjgl/openal/ALC10
Event: 12.454 loading class org/lwjgl/openal/ALC10 done
Event: 12.459 loading class org/lwjgl/openal/ALCdevice
Event: 12.459 loading class org/lwjgl/openal/ALCdevice done
Event: 12.460 loading class org/lwjgl/openal/ALCcontext
Event: 12.460 loading class org/lwjgl/openal/ALCcontext done
Event: 12.460 loading class org/lwjgl/openal/Util
Event: 12.460 loading class org/lwjgl/openal/Util done
Event: 12.461 loading class org/lwjgl/openal/OpenALException
Event: 12.461 loading class org/lwjgl/openal/OpenALException done


Dynamic libraries:
0x00007ff6fc960000 - 0x00007ff6fc997000 	C:\Program Files\Java\jdk1.8.0_40\bin\java.exe
0x00007ff979b40000 - 0x00007ff979cec000 	C:\Windows\SYSTEM32\ntdll.dll
0x00007ff9762a0000 - 0x00007ff9763de000 	C:\Windows\system32\KERNEL32.DLL
0x00007ff975f90000 - 0x00007ff9760a5000 	C:\Windows\system32\KERNELBASE.dll
0x00007ff9747a0000 - 0x00007ff97482e000 	C:\Windows\system32\apphelp.dll
0x00007ff96f8d0000 - 0x00007ff96f923000 	C:\Windows\AppPatch\AppPatch64\AcGenral.DLL
0x00007ff976540000 - 0x00007ff9765ea000 	C:\Windows\system32\msvcrt.dll
0x00007ff975a20000 - 0x00007ff975a4e000 	C:\Windows\SYSTEM32\SspiCli.dll
0x00007ff9764b0000 - 0x00007ff976504000 	C:\Windows\system32\SHLWAPI.dll
0x00007ff976110000 - 0x00007ff976287000 	C:\Windows\system32\USER32.dll
0x00007ff978880000 - 0x00007ff978a14000 	C:\Windows\system32\ole32.dll
0x00007ff976fe0000 - 0x00007ff9784f8000 	C:\Windows\system32\SHELL32.dll
0x00007ff975190000 - 0x00007ff9751b1000 	C:\Windows\SYSTEM32\USERENV.dll
0x00007ff9765f0000 - 0x00007ff97669a000 	C:\Windows\system32\ADVAPI32.dll
0x00007ff9684e0000 - 0x00007ff9684fe000 	C:\Windows\SYSTEM32\MPR.dll
0x00007ff976e90000 - 0x00007ff976fd1000 	C:\Windows\system32\RPCRT4.dll
0x00007ff976850000 - 0x00007ff9768a9000 	C:\Windows\SYSTEM32\sechost.dll
0x00007ff9768b0000 - 0x00007ff976ac1000 	C:\Windows\SYSTEM32\combase.dll
0x00007ff978500000 - 0x00007ff978651000 	C:\Windows\system32\GDI32.dll
0x00007ff975b80000 - 0x00007ff975b95000 	C:\Windows\SYSTEM32\profapi.dll
0x00007ff974430000 - 0x00007ff9744e2000 	C:\Windows\SYSTEM32\SHCORE.dll
0x00007ff976df0000 - 0x00007ff976e26000 	C:\Windows\system32\IMM32.DLL
0x00007ff978660000 - 0x00007ff9787b1000 	C:\Windows\system32\MSCTF.dll
0x00007ff973fb0000 - 0x00007ff97422b000 	C:\Windows\WinSxS\amd64_microsoft.windows.common-controls_6595b64144ccf1df_6.0.9600.17784_none_624760d1ecb7236e\COMCTL32.dll
0x00007ff96a330000 - 0x00007ff96a3bd000 	C:\Program Files (x86)\AVG\AVG2015\avghooka.dll
0x0000000074460000 - 0x0000000074532000 	C:\Program Files\Java\jdk1.8.0_40\jre\bin\msvcr100.dll
0x0000000073480000 - 0x0000000073d03000 	C:\Program Files\Java\jdk1.8.0_40\jre\bin\server\jvm.dll
0x00007ff96e020000 - 0x00007ff96e029000 	C:\Windows\SYSTEM32\WSOCK32.dll
0x00007ff9716c0000 - 0x00007ff9716e2000 	C:\Windows\SYSTEM32\WINMM.dll
0x00007ff972100000 - 0x00007ff97210a000 	C:\Windows\SYSTEM32\VERSION.dll
0x00007ff976cb0000 - 0x00007ff976cb7000 	C:\Windows\system32\PSAPI.DLL
0x00007ff9760b0000 - 0x00007ff97610a000 	C:\Windows\system32\WS2_32.dll
0x00007ff971070000 - 0x00007ff97109a000 	C:\Windows\SYSTEM32\WINMMBASE.dll
0x00007ff976510000 - 0x00007ff976519000 	C:\Windows\system32\NSI.dll
0x00007ff975ee0000 - 0x00007ff975f2f000 	C:\Windows\SYSTEM32\cfgmgr32.dll
0x00007ff974990000 - 0x00007ff9749b8000 	C:\Windows\SYSTEM32\DEVOBJ.dll
0x0000000074450000 - 0x000000007445f000 	C:\Program Files\Java\jdk1.8.0_40\jre\bin\verify.dll
0x0000000074420000 - 0x0000000074449000 	C:\Program Files\Java\jdk1.8.0_40\jre\bin\java.dll
0x0000000073460000 - 0x0000000073476000 	C:\Program Files\Java\jdk1.8.0_40\jre\bin\zip.dll
0x00007ff973980000 - 0x00007ff973990000 	F:\Programs\IntelliJ IDEA Community Edition 14.1.1\bin\breakgen64.dll
0x0000000073440000 - 0x000000007345a000 	C:\Program Files\Java\jdk1.8.0_40\jre\bin\net.dll
0x00007ff9755a0000 - 0x00007ff9755f9000 	C:\Windows\system32\mswsock.dll
0x0000000074360000 - 0x000000007436d000 	C:\Program Files\Java\jdk1.8.0_40\jre\bin\management.dll
0x0000000073420000 - 0x0000000073431000 	C:\Program Files\Java\jdk1.8.0_40\jre\bin\nio.dll
0x00007ff96ac10000 - 0x00007ff96ac25000 	C:\Windows\system32\napinsp.dll
0x00007ff96ac30000 - 0x00007ff96ac4a000 	C:\Windows\system32\pnrpnsp.dll
0x00007ff971610000 - 0x00007ff97162b000 	C:\Windows\system32\NLAapi.dll
0x00007ff975210000 - 0x00007ff9752b4000 	C:\Windows\SYSTEM32\DNSAPI.dll
0x00007ff96ac60000 - 0x00007ff96ac6d000 	C:\Windows\System32\winrnr.dll
0x0000000074670000 - 0x0000000074696000 	C:\Program Files\Bonjour\mdnsNSP.dll
0x00007ff96fbe0000 - 0x00007ff96fc0a000 	C:\Windows\SYSTEM32\Iphlpapi.DLL
0x00007ff96fa90000 - 0x00007ff96fa9a000 	C:\Windows\SYSTEM32\WINNSI.DLL
0x00007ff96b440000 - 0x00007ff96b44a000 	C:\Windows\System32\rasadhlp.dll
0x00007ff96f320000 - 0x00007ff96f38b000 	C:\Windows\System32\fwpuclnt.dll
0x0000000073170000 - 0x0000000073308000 	C:\Program Files\Java\jdk1.8.0_40\jre\bin\awt.dll
0x00007ff9763e0000 - 0x00007ff9764a1000 	C:\Windows\system32\OLEAUT32.dll
0x00007ff974840000 - 0x00007ff974969000 	C:\Windows\system32\uxtheme.dll
0x00007ff95fc60000 - 0x00007ff95fcfe000 	F:\Programs\Evolve\Drivers\EvolveGameTracker_64.dll
0x00007ff961340000 - 0x00007ff96139c000 	C:\Program Files (x86)\Overwolf\0.85.190.0\x64\OWExplorer.dll
0x00007ff95dcc0000 - 0x00007ff95de4a000 	C:\Windows\SYSTEM32\dbghelp.dll
0x00007ff974230000 - 0x00007ff974251000 	C:\Windows\system32\dwmapi.dll
0x00007ff9749c0000 - 0x00007ff9749cb000 	C:\Windows\SYSTEM32\kernel.appcore.dll
0x00007ff975ac0000 - 0x00007ff975acb000 	C:\Windows\SYSTEM32\CRYPTBASE.dll
0x00007ff975a50000 - 0x00007ff975ab3000 	C:\Windows\SYSTEM32\bcryptPrimitives.dll
0x0000000073120000 - 0x0000000073167000 	C:\Program Files\Java\jdk1.8.0_40\jre\bin\fontmanager.dll
0x00007ff96bbe0000 - 0x00007ff96be01000 	C:\Windows\system32\d3d9.dll
0x00007ff94c610000 - 0x00007ff94d51f000 	C:\Windows\SYSTEM32\nvd3dumx.dll
0x0000000180000000 - 0x0000000180188000 	C:\Windows\system32\nvspcap64.dll
0x00007ff976ad0000 - 0x00007ff976caa000 	C:\Windows\system32\SETUPAPI.dll
0x00007ff9751c0000 - 0x00007ff975206000 	C:\Windows\system32\powrprof.dll
0x00007ff96f930000 - 0x00007ff96fa8d000 	C:\Program Files (x86)\NVIDIA Corporation\3D Vision\nvSCPAPI64.dll
0x00007ff9710a0000 - 0x00007ff9713f1000 	C:\Windows\system32\nvapi64.dll
0x00007ff975f30000 - 0x00007ff975f81000 	C:\Windows\system32\WINTRUST.dll
0x00007ff975c50000 - 0x00007ff975e2f000 	C:\Windows\system32\CRYPT32.dll
0x00007ff975c30000 - 0x00007ff975c41000 	C:\Windows\system32\MSASN1.dll
0x00007ff973640000 - 0x00007ff9736c7000 	C:\Windows\system32\dxgi.dll
0x00000000730d0000 - 0x0000000073111000 	C:\Program Files\Java\jdk1.8.0_40\jre\bin\t2k.dll
0x000000001afa0000 - 0x000000001aff1000 	C:\Users\Josiah\.gradle\caches\minecraft\net\minecraft\minecraft_natives\1.7.10\lwjgl64.dll
0x00007ff960660000 - 0x00007ff96078b000 	C:\Windows\SYSTEM32\OPENGL32.dll
0x00007ff968430000 - 0x00007ff96845e000 	C:\Windows\SYSTEM32\GLU32.dll
0x00007ff961b30000 - 0x00007ff961c28000 	C:\Windows\SYSTEM32\DDRAW.dll
0x00007ff966180000 - 0x00007ff966189000 	C:\Windows\SYSTEM32\DCIMAN32.dll
0x00007ff975600000 - 0x00007ff975620000 	C:\Windows\SYSTEM32\CRYPTSP.dll
0x00007ff974f90000 - 0x00007ff974fc6000 	C:\Windows\system32\rsaenh.dll
0x00007ff975710000 - 0x00007ff975736000 	C:\Windows\SYSTEM32\bcrypt.dll
0x00007ff96f3e0000 - 0x00007ff96f3f6000 	C:\Windows\SYSTEM32\dhcpcsvc6.DLL
0x00007ff96f450000 - 0x00007ff96f46a000 	C:\Windows\SYSTEM32\dhcpcsvc.DLL
0x0000000071280000 - 0x00000000730ca000 	C:\Windows\SYSTEM32\nvoglv64.DLL
0x00007ff971970000 - 0x00007ff971982000 	C:\Windows\SYSTEM32\WTSAPI32.dll
0x00007ff96e9f0000 - 0x00007ff96ea22000 	C:\Windows\SYSTEM32\ntmarta.dll
0x00007ff974dc0000 - 0x00007ff974e1a000 	C:\Windows\SYSTEM32\WINSTA.dll
0x00007ff9739c0000 - 0x00007ff973a52000 	C:\Windows\SYSTEM32\mscms.dll
0x00007ff964570000 - 0x00007ff9645b1000 	C:\Windows\SYSTEM32\icm32.dll
0x0000000070a40000 - 0x0000000070adc000 	C:\Users\Josiah\.gradle\caches\minecraft\net\minecraft\minecraft_natives\1.7.10\avutil-ttv-51.dll
0x0000000065980000 - 0x00000000659d6000 	C:\Users\Josiah\.gradle\caches\minecraft\net\minecraft\minecraft_natives\1.7.10\swresample-ttv-0.dll
0x000000006eb80000 - 0x000000006ec50000 	C:\Users\Josiah\.gradle\caches\minecraft\net\minecraft\minecraft_natives\1.7.10\libmp3lame-ttv.dll
0x00007ff94b260000 - 0x00007ff94c604000 	C:\Users\Josiah\.gradle\caches\minecraft\net\minecraft\minecraft_natives\1.7.10\libmfxsw64.dll
0x00007ff962a40000 - 0x00007ff962b6b000 	C:\Users\Josiah\.gradle\caches\minecraft\net\minecraft\minecraft_natives\1.7.10\twitchsdk.dll
0x00007ff96d600000 - 0x00007ff96d847000 	C:\Windows\SYSTEM32\WININET.dll
0x00007ff96d850000 - 0x00007ff96db17000 	C:\Windows\SYSTEM32\iertutil.dll
0x000000001f5b0000 - 0x000000001f614000 	C:\Users\Josiah\.gradle\caches\minecraft\net\minecraft\minecraft_natives\1.7.10\OpenAL64.dll
0x00007ff976d30000 - 0x00007ff976de6000 	C:\Windows\SYSTEM32\clbcatq.dll
0x00007ff973b90000 - 0x00007ff973c00000 	C:\Windows\System32\MMDevApi.dll
0x00007ff960810000 - 0x00007ff9608ad000 	C:\Windows\SYSTEM32\dsound.dll
0x00007ff96bac0000 - 0x00007ff96bb3e000 	C:\Windows\SYSTEM32\AUDIOSES.DLL

VM Arguments:
jvm_args: -Xincgc -Xmx1024M -Xms1024M -Didea.launcher.port=7542 -Didea.launcher.bin.path=F:\Programs\IntelliJ IDEA Community Edition 14.1.1\bin -Dfile.encoding=windows-1252 
java_command: com.intellij.rt.execution.application.AppMain GradleStart
java_class_path (initial): C:\Program Files\Java\jdk1.8.0_40\jre\lib\charsets.jar;C:\Program Files\Java\jdk1.8.0_40\jre\lib\deploy.jar;C:\Program Files\Java\jdk1.8.0_40\jre\lib\javaws.jar;C:\Program Files\Java\jdk1.8.0_40\jre\lib\jce.jar;C:\Program Files\Java\jdk1.8.0_40\jre\lib\jfr.jar;C:\Program Files\Java\jdk1.8.0_40\jre\lib\jfxswt.jar;C:\Program Files\Java\jdk1.8.0_40\jre\lib\jsse.jar;C:\Program Files\Java\jdk1.8.0_40\jre\lib\management-agent.jar;C:\Program Files\Java\jdk1.8.0_40\jre\lib\plugin.jar;C:\Program Files\Java\jdk1.8.0_40\jre\lib\resources.jar;C:\Program Files\Java\jdk1.8.0_40\jre\lib\rt.jar;C:\Program Files\Java\jdk1.8.0_40\jre\lib\ext\access-bridge-64.jar;C:\Program Files\Java\jdk1.8.0_40\jre\lib\ext\cldrdata.jar;C:\Program Files\Java\jdk1.8.0_40\jre\lib\ext\dnsns.jar;C:\Program Files\Java\jdk1.8.0_40\jre\lib\ext\jaccess.jar;C:\Program Files\Java\jdk1.8.0_40\jre\lib\ext\jfxrt.jar;C:\Program Files\Java\jdk1.8.0_40\jre\lib\ext\localedata.jar;C:\Program Files\Java\jdk1.8.0_40\jre\lib\ext\nashorn.jar;C:\Program Files\Java\jdk1.8.0_40\jre\lib\ext\sunec.jar;C:\Program Files\Java\jdk1.8.0_40\jre\lib\ext\sunjce_provider.jar;C:\Program Files\Java\jdk1.8.0_40\jre\lib\ext\sunmscapi.jar;C:\Program Files\Java\jdk1.8.0_40\jre\lib\ext\sunpkcs11.jar;C:\Program Files\Java\jdk1.8.0_40\jre\lib\ext\zipfs.jar;F:\Projects\Minecraft\1.7\M4thThings\out\production\M4thThings;C:\Users\Josiah\.gradle\caches\minecraft\net\minecraftforge\forge\1.7.10-10.13.2.1291\forgeSrc-1.7.10-10.13.2.1291.jar;C:\Users\Josiah\.gradle\caches\modules-2\files-2.1\net.minecraft\launchwrapper\1.11\9c0592c6e1e9ea296a70948081bd4cc84dda1289\launchwrapper-1.11.jar;C:\Users\Josiah\.gradle\caches\modules-2\files-2.1\com.google.code.findbugs\jsr305\1.3.9\40719ea6961c0cb6afaeb6a921eaa1f6afd4cfdf\jsr305-1.3.9.jar;C:\Users\Josiah\.gradle\caches\modules-2\files-2.1\org.ow2.asm\asm-debug-all\5.0.3\f9e364ae2a66ce2a543012a4668856e84e5dab74\asm-debug-all-5.0.3.jar;C:\Users\Josiah\.gradle\caches\modules-2\files-
Launcher Type: SUN_STANDARD

Environment Variables:
CLASSPATH=.;F:\Programs\QuickTime\QTSystem\QTJava.zip
PATH=C:\ProgramData\Oracle\Java\javapath;C:\Program Files (x86)\Intel\iCLS Client\;C:\Program Files\Intel\iCLS Client\;C:\Windows\system32;C:\Windows;C:\Windows\System32\Wbem;C:\Windows\System32\WindowsPowerShell\v1.0\;C:\Program Files\Intel\Intel(R) Management Engine Components\DAL;C:\Program Files (x86)\Intel\Intel(R) Management Engine Components\DAL;C:\Program Files\Intel\Intel(R) Management Engine Components\IPT;C:\Program Files (x86)\Intel\Intel(R) Management Engine Components\IPT;F:\Programs\QuickTime\QTSystem\;F:\Programs\Git\cmd;F:\Programs\MatLab\runtime\win64;F:\Programs\MatLab\bin;C:\Program Files (x86)\NVIDIA Corporation\PhysX\Common;F:\Programs\MiKTeX 2.9\miktex\bin\;C:\Program Files (x86)\Skype\Phone\
USERNAME=Josiah
OS=Windows_NT
PROCESSOR_IDENTIFIER=Intel64 Family 6 Model 60 Stepping 3, GenuineIntel



---------------  S Y S T E M  ---------------

OS: Windows 8.1 , 64 bit Build 9600 (6.3.9600.17415)

CPU:total 8 (4 cores per cpu, 2 threads per core) family 6 model 60 stepping 3, cmov, cx8, fxsr, mmx, sse, sse2, sse3, ssse3, sse4.1, sse4.2, popcnt, avx, avx2, aes, clmul, erms, lzcnt, ht, tsc, tscinvbit, bmi1, bmi2

Memory: 4k page, physical 25115996k(17735920k free), swap 28786012k(18288732k free)

vm_info: Java HotSpot(TM) 64-Bit Server VM (25.40-b25) for windows-amd64 JRE (1.8.0_40-b26), built on Mar  7 2015 13:51:59 by "java_re" with MS VC++ 10.0 (VS2010)

time: Fri May 29 12:53:35 2015
elapsed time: 12 seconds (0d 0h 0m 12s)

